<?xml version="1.0" encoding="UTF-8"?>
<!-- Generated by org.testng.reporters.JUnitReportReporter -->
<testsuite skipped="0" hostname="MaryPC" name="com.fvsware.RESTAPITest" tests="2" failures="0" timestamp="05 Mar 2020 07:17:06 GMT" time="0.005" errors="0">
  <testcase name="PostJira" time="0.000" classname="com.fvsware.RESTAPITest"/>
  <testcase name="DeleteTwitter" time="0.005" classname="com.fvsware.RESTAPITest"/>
</testsuite> <!-- com.fvsware.RESTAPITest -->
