<?xml version="1.0" encoding="UTF-8"?>
<!-- Generated by org.testng.reporters.JUnitReportReporter -->
<testsuite skipped="0" hostname="MaryPC" name="com.fvsware.SeleniumTest" tests="2" failures="0" timestamp="05 Mar 2020 07:17:06 GMT" time="0.000" errors="0">
  <testcase name="ElementUi" time="0.000" classname="com.fvsware.SeleniumTest"/>
  <testcase name="BrowserAutomation" time="0.000" classname="com.fvsware.SeleniumTest"/>
</testsuite> <!-- com.fvsware.SeleniumTest -->
